<?xml version="1.0" encoding="UTF-8"?>
<!-- Generated by org.testng.reporters.JUnitXMLReporter -->
<testsuite ignored="0" hostname="DESKTOP-O88K94K" failures="0" tests="2" name="FirefoxTest" time="1.465" errors="0" timestamp="2022-03-16T11:05:12 CET">
  <testcase classname="MyStoreProjectP.MyStoreProject.TC_IndexPage" name="@BeforeMethod driverInitialiser" time="1.404">
    <failure type="org.openqa.selenium.SessionNotCreatedException" message="Could not start a new session. Possible causes are invalid address of the remote server or browser start-up failure.">
      <![CDATA[org.openqa.selenium.SessionNotCreatedException: Could not start a new session. Possible causes are invalid address of the remote server or browser start-up failure.
at org.openqa.selenium.remote.RemoteWebDriver.execute(RemoteWebDriver.java:576)
at org.openqa.selenium.remote.RemoteWebDriver.startSession(RemoteWebDriver.java:245)
at org.openqa.selenium.remote.RemoteWebDriver.<init>(RemoteWebDriver.java:161)
at org.openqa.selenium.firefox.FirefoxDriver.<init>(FirefoxDriver.java:137)
at org.openqa.selenium.firefox.FirefoxDriver.<init>(FirefoxDriver.java:125)
at org.openqa.selenium.firefox.FirefoxDriver.<init>(FirefoxDriver.java:106)
at com.MyStore.base.BaseClass.initializeDriver(BaseClass.java:55)
at MyStoreProjectP.MyStoreProject.TC_IndexPage.driverInitialiser(TC_IndexPage.java:18)
at java.base/java.util.ArrayList.forEach(ArrayList.java:1540)
Caused by: org.openqa.selenium.WebDriverException: Driver server process died prematurely.
Build info: version: '4.1.2', revision: '9a5a329c5a'
System info: host: 'DESKTOP-O88K94K', ip: '192.168.0.192', os.name: 'Windows 10', os.arch: 'amd64', os.version: '10.0', java.version: '12.0.2'
Driver info: driver.version: FirefoxDriver
at org.openqa.selenium.remote.service.DriverService.start(DriverService.java:226)
at org.openqa.selenium.remote.service.DriverCommandExecutor.execute(DriverCommandExecutor.java:98)
at org.openqa.selenium.remote.RemoteWebDriver.execute(RemoteWebDriver.java:558)
... 39 more
... Removed 31 stack frames]]>
    </failure>
  </testcase> <!-- @BeforeMethod driverInitialiser -->
  <testcase classname="MyStoreProjectP.MyStoreProject.TC_IndexPage" name="@BeforeMethod driverInitialiser" time="0.0">
    <skipped/>
  </testcase> <!-- @BeforeMethod driverInitialiser -->
  <testcase classname="com.MyStore.base.BaseClass" name="@AfterClass tearDown" time="0.0">
    <skipped/>
  </testcase> <!-- @AfterClass tearDown -->
  <testcase classname="MyStoreProjectP.MyStoreProject.TC_IndexPage" name="VerifyTitle" time="0.0">
    <skipped/>
  </testcase> <!-- VerifyTitle -->
  <testcase classname="MyStoreProjectP.MyStoreProject.TC_IndexPage" name="verifyLogo" time="0.001">
    <skipped/>
  </testcase> <!-- verifyLogo -->
</testsuite> <!-- FirefoxTest -->
